[15-May-2016 20:35:11 Europe/London] #########ERROR###########
[15-May-2016 20:35:11 Europe/London] PHP Warning:  include_once(header.php): failed to open stream: No such file or directory in /home/thehacka/domains/beauty101.club/public_html/index.php on line 8
[15-May-2016 20:35:11 Europe/London] PHP Warning:  include_once(): Failed opening 'header.php' for inclusion (include_path='.:/usr/local/lib/php') in /home/thehacka/domains/beauty101.club/public_html/index.php on line 8
[15-May-2016 20:35:11 Europe/London] PHP Notice:  Undefined index: HTTP_REFERER in /home/thehacka/domains/beauty101.club/public_html/index.php on line 15
[15-May-2016 20:35:13 Europe/London] #########ERROR###########
[15-May-2016 20:35:13 Europe/London] PHP Warning:  include_once(header.php): failed to open stream: No such file or directory in /home/thehacka/domains/beauty101.club/public_html/index.php on line 8
[15-May-2016 20:35:13 Europe/London] PHP Warning:  include_once(): Failed opening 'header.php' for inclusion (include_path='.:/usr/local/lib/php') in /home/thehacka/domains/beauty101.club/public_html/index.php on line 8
[15-May-2016 20:35:13 Europe/London] PHP Notice:  Undefined index: HTTP_REFERER in /home/thehacka/domains/beauty101.club/public_html/index.php on line 15
[15-May-2016 20:35:14 Europe/London] #########ERROR###########
[15-May-2016 20:35:14 Europe/London] PHP Warning:  include_once(header.php): failed to open stream: No such file or directory in /home/thehacka/domains/beauty101.club/public_html/index.php on line 8
[15-May-2016 20:35:14 Europe/London] PHP Warning:  include_once(): Failed opening 'header.php' for inclusion (include_path='.:/usr/local/lib/php') in /home/thehacka/domains/beauty101.club/public_html/index.php on line 8
[15-May-2016 20:35:14 Europe/London] PHP Notice:  Undefined index: HTTP_REFERER in /home/thehacka/domains/beauty101.club/public_html/index.php on line 15
[15-May-2016 20:35:14 Europe/London] #########ERROR###########
[15-May-2016 20:35:14 Europe/London] PHP Warning:  include_once(header.php): failed to open stream: No such file or directory in /home/thehacka/domains/beauty101.club/public_html/index.php on line 8
[15-May-2016 20:35:14 Europe/London] PHP Warning:  include_once(): Failed opening 'header.php' for inclusion (include_path='.:/usr/local/lib/php') in /home/thehacka/domains/beauty101.club/public_html/index.php on line 8
[15-May-2016 20:35:14 Europe/London] PHP Notice:  Undefined index: HTTP_REFERER in /home/thehacka/domains/beauty101.club/public_html/index.php on line 15
[15-May-2016 23:55:10 Europe/London] #########ERROR###########
[15-May-2016 23:55:10 Europe/London] PHP Warning:  include_once(header.php): failed to open stream: No such file or directory in /home/thehacka/domains/beauty101.club/public_html/index.php on line 8
[15-May-2016 23:55:10 Europe/London] PHP Warning:  include_once(): Failed opening 'header.php' for inclusion (include_path='.:/usr/local/lib/php') in /home/thehacka/domains/beauty101.club/public_html/index.php on line 8
[15-May-2016 23:55:10 Europe/London] PHP Notice:  Undefined index: HTTP_REFERER in /home/thehacka/domains/beauty101.club/public_html/index.php on line 15
[15-May-2016 23:55:13 Europe/London] #########ERROR###########
[15-May-2016 23:55:13 Europe/London] PHP Warning:  include_once(header.php): failed to open stream: No such file or directory in /home/thehacka/domains/beauty101.club/public_html/index.php on line 8
[15-May-2016 23:55:13 Europe/London] PHP Warning:  include_once(): Failed opening 'header.php' for inclusion (include_path='.:/usr/local/lib/php') in /home/thehacka/domains/beauty101.club/public_html/index.php on line 8
[15-May-2016 23:55:13 Europe/London] PHP Notice:  Undefined index: HTTP_REFERER in /home/thehacka/domains/beauty101.club/public_html/index.php on line 15
[15-May-2016 23:55:14 Europe/London] #########ERROR###########
[15-May-2016 23:55:14 Europe/London] PHP Warning:  include_once(header.php): failed to open stream: No such file or directory in /home/thehacka/domains/beauty101.club/public_html/index.php on line 8
[15-May-2016 23:55:14 Europe/London] PHP Warning:  include_once(): Failed opening 'header.php' for inclusion (include_path='.:/usr/local/lib/php') in /home/thehacka/domains/beauty101.club/public_html/index.php on line 8
[15-May-2016 23:55:14 Europe/London] PHP Notice:  Undefined index: HTTP_REFERER in /home/thehacka/domains/beauty101.club/public_html/index.php on line 15
[15-May-2016 23:55:15 Europe/London] #########ERROR###########
[15-May-2016 23:55:15 Europe/London] PHP Warning:  include_once(header.php): failed to open stream: No such file or directory in /home/thehacka/domains/beauty101.club/public_html/index.php on line 8
[15-May-2016 23:55:15 Europe/London] PHP Warning:  include_once(): Failed opening 'header.php' for inclusion (include_path='.:/usr/local/lib/php') in /home/thehacka/domains/beauty101.club/public_html/index.php on line 8
[15-May-2016 23:55:15 Europe/London] PHP Notice:  Undefined index: HTTP_REFERER in /home/thehacka/domains/beauty101.club/public_html/index.php on line 15
[15-May-2016 23:55:16 Europe/London] #########ERROR###########
[15-May-2016 23:55:16 Europe/London] PHP Warning:  include_once(header.php): failed to open stream: No such file or directory in /home/thehacka/domains/beauty101.club/public_html/index.php on line 8
[15-May-2016 23:55:16 Europe/London] PHP Warning:  include_once(): Failed opening 'header.php' for inclusion (include_path='.:/usr/local/lib/php') in /home/thehacka/domains/beauty101.club/public_html/index.php on line 8
[15-May-2016 23:55:16 Europe/London] PHP Notice:  Undefined index: HTTP_REFERER in /home/thehacka/domains/beauty101.club/public_html/index.php on line 15
[15-May-2016 23:55:27 Europe/London] #########ERROR###########
[15-May-2016 23:55:27 Europe/London] PHP Warning:  include_once(header.php): failed to open stream: No such file or directory in /home/thehacka/domains/beauty101.club/public_html/index.php on line 8
[15-May-2016 23:55:27 Europe/London] PHP Warning:  include_once(): Failed opening 'header.php' for inclusion (include_path='.:/usr/local/lib/php') in /home/thehacka/domains/beauty101.club/public_html/index.php on line 8
[15-May-2016 23:55:27 Europe/London] PHP Notice:  Undefined index: HTTP_REFERER in /home/thehacka/domains/beauty101.club/public_html/index.php on line 15
[16-May-2016 02:10:07 Europe/London] #########ERROR###########
[16-May-2016 02:10:07 Europe/London] PHP Warning:  include_once(header.php): failed to open stream: No such file or directory in /home/thehacka/domains/beauty101.club/public_html/index.php on line 8
[16-May-2016 02:10:07 Europe/London] PHP Warning:  include_once(): Failed opening 'header.php' for inclusion (include_path='.:/usr/local/lib/php') in /home/thehacka/domains/beauty101.club/public_html/index.php on line 8
[16-May-2016 02:10:07 Europe/London] PHP Notice:  Undefined index: HTTP_REFERER in /home/thehacka/domains/beauty101.club/public_html/index.php on line 15
[16-May-2016 04:10:19 Europe/London] #########ERROR###########
[16-May-2016 04:10:19 Europe/London] PHP Warning:  include_once(header.php): failed to open stream: No such file or directory in /home/thehacka/domains/beauty101.club/public_html/index.php on line 8
[16-May-2016 04:10:19 Europe/London] PHP Warning:  include_once(): Failed opening 'header.php' for inclusion (include_path='.:/usr/local/lib/php') in /home/thehacka/domains/beauty101.club/public_html/index.php on line 8
[16-May-2016 04:10:19 Europe/London] PHP Notice:  Undefined index: HTTP_REFERER in /home/thehacka/domains/beauty101.club/public_html/index.php on line 15
[16-May-2016 16:56:09 Europe/London] #########ERROR###########
[16-May-2016 16:56:09 Europe/London] PHP Warning:  include_once(header.php): failed to open stream: No such file or directory in /home/thehacka/domains/beauty101.club/public_html/index.php on line 8
[16-May-2016 16:56:09 Europe/London] PHP Warning:  include_once(): Failed opening 'header.php' for inclusion (include_path='.:/usr/local/lib/php') in /home/thehacka/domains/beauty101.club/public_html/index.php on line 8
[16-May-2016 16:56:09 Europe/London] PHP Notice:  Undefined index: HTTP_REFERER in /home/thehacka/domains/beauty101.club/public_html/index.php on line 15
[16-May-2016 21:25:54 Europe/London] #########ERROR###########
[16-May-2016 21:25:54 Europe/London] PHP Warning:  include_once(header.php): failed to open stream: No such file or directory in /home/thehacka/domains/beauty101.club/public_html/index.php on line 8
[16-May-2016 21:25:54 Europe/London] PHP Warning:  include_once(): Failed opening 'header.php' for inclusion (include_path='.:/usr/local/lib/php') in /home/thehacka/domains/beauty101.club/public_html/index.php on line 8
[16-May-2016 21:25:54 Europe/London] PHP Notice:  Undefined index: HTTP_REFERER in /home/thehacka/domains/beauty101.club/public_html/index.php on line 15
[17-May-2016 05:16:50 Europe/London] #########ERROR###########
[17-May-2016 05:16:50 Europe/London] PHP Warning:  include_once(header.php): failed to open stream: No such file or directory in /home/thehacka/domains/beauty101.club/public_html/index.php on line 8
[17-May-2016 05:16:50 Europe/London] PHP Warning:  include_once(): Failed opening 'header.php' for inclusion (include_path='.:/usr/local/lib/php') in /home/thehacka/domains/beauty101.club/public_html/index.php on line 8
[17-May-2016 05:16:50 Europe/London] PHP Notice:  Undefined index: HTTP_REFERER in /home/thehacka/domains/beauty101.club/public_html/index.php on line 15
[17-May-2016 21:34:47 Europe/London] #########ERROR###########
[17-May-2016 21:34:47 Europe/London] PHP Warning:  include_once(header.php): failed to open stream: No such file or directory in /home/thehacka/domains/beauty101.club/public_html/index.php on line 8
[17-May-2016 21:34:47 Europe/London] PHP Warning:  include_once(): Failed opening 'header.php' for inclusion (include_path='.:/usr/local/lib/php') in /home/thehacka/domains/beauty101.club/public_html/index.php on line 8
[17-May-2016 21:34:47 Europe/London] PHP Notice:  Undefined index: HTTP_REFERER in /home/thehacka/domains/beauty101.club/public_html/index.php on line 15
[17-May-2016 23:00:59 Europe/London] #########ERROR###########
[17-May-2016 23:00:59 Europe/London] PHP Warning:  include_once(header.php): failed to open stream: No such file or directory in /home/thehacka/domains/beauty101.club/public_html/index.php on line 8
[17-May-2016 23:00:59 Europe/London] PHP Warning:  include_once(): Failed opening 'header.php' for inclusion (include_path='.:/usr/local/lib/php') in /home/thehacka/domains/beauty101.club/public_html/index.php on line 8
[18-May-2016 00:50:49 Europe/London] #########ERROR###########
[18-May-2016 00:50:49 Europe/London] PHP Warning:  include_once(header.php): failed to open stream: No such file or directory in /home/thehacka/domains/beauty101.club/public_html/index.php on line 8
[18-May-2016 00:50:49 Europe/London] PHP Warning:  include_once(): Failed opening 'header.php' for inclusion (include_path='.:/usr/local/lib/php') in /home/thehacka/domains/beauty101.club/public_html/index.php on line 8
[18-May-2016 00:50:49 Europe/London] PHP Notice:  Undefined index: HTTP_REFERER in /home/thehacka/domains/beauty101.club/public_html/index.php on line 15
[18-May-2016 00:53:23 Europe/London] #########ERROR###########
[18-May-2016 00:53:23 Europe/London] PHP Warning:  include_once(header.php): failed to open stream: No such file or directory in /home/thehacka/domains/beauty101.club/public_html/index.php on line 8
[18-May-2016 00:53:23 Europe/London] PHP Warning:  include_once(): Failed opening 'header.php' for inclusion (include_path='.:/usr/local/lib/php') in /home/thehacka/domains/beauty101.club/public_html/index.php on line 8
[18-May-2016 00:53:23 Europe/London] PHP Notice:  Undefined index: HTTP_REFERER in /home/thehacka/domains/beauty101.club/public_html/index.php on line 15
[18-May-2016 04:43:29 Europe/London] #########ERROR###########
[18-May-2016 04:43:29 Europe/London] PHP Warning:  include_once(header.php): failed to open stream: No such file or directory in /home/thehacka/domains/beauty101.club/public_html/index.php on line 8
[18-May-2016 04:43:29 Europe/London] PHP Warning:  include_once(): Failed opening 'header.php' for inclusion (include_path='.:/usr/local/lib/php') in /home/thehacka/domains/beauty101.club/public_html/index.php on line 8
[18-May-2016 04:43:29 Europe/London] PHP Notice:  Undefined index: HTTP_REFERER in /home/thehacka/domains/beauty101.club/public_html/index.php on line 15
[18-May-2016 09:03:39 Europe/London] #########ERROR###########
[18-May-2016 09:03:39 Europe/London] PHP Warning:  include_once(header.php): failed to open stream: No such file or directory in /home/thehacka/domains/beauty101.club/public_html/index.php on line 8
[18-May-2016 09:03:39 Europe/London] PHP Warning:  include_once(): Failed opening 'header.php' for inclusion (include_path='.:/usr/local/lib/php') in /home/thehacka/domains/beauty101.club/public_html/index.php on line 8
[18-May-2016 12:24:05 Europe/London] #########ERROR###########
[18-May-2016 12:24:05 Europe/London] PHP Warning:  include_once(header.php): failed to open stream: No such file or directory in /home/thehacka/domains/beauty101.club/public_html/index.php on line 8
[18-May-2016 12:24:05 Europe/London] PHP Warning:  include_once(): Failed opening 'header.php' for inclusion (include_path='.:/usr/local/lib/php') in /home/thehacka/domains/beauty101.club/public_html/index.php on line 8
[18-May-2016 14:02:26 Europe/London] #########ERROR###########
[18-May-2016 14:02:26 Europe/London] PHP Warning:  include_once(header.php): failed to open stream: No such file or directory in /home/thehacka/domains/beauty101.club/public_html/index.php on line 8
[18-May-2016 14:02:26 Europe/London] PHP Warning:  include_once(): Failed opening 'header.php' for inclusion (include_path='.:/usr/local/lib/php') in /home/thehacka/domains/beauty101.club/public_html/index.php on line 8
[18-May-2016 17:36:23 Europe/London] #########ERROR###########
[18-May-2016 17:36:23 Europe/London] PHP Warning:  include_once(header.php): failed to open stream: No such file or directory in /home/thehacka/domains/beauty101.club/public_html/index.php on line 8
[18-May-2016 17:36:23 Europe/London] PHP Warning:  include_once(): Failed opening 'header.php' for inclusion (include_path='.:/usr/local/lib/php') in /home/thehacka/domains/beauty101.club/public_html/index.php on line 8
[18-May-2016 17:36:23 Europe/London] PHP Notice:  Undefined index: HTTP_REFERER in /home/thehacka/domains/beauty101.club/public_html/index.php on line 15
[18-May-2016 18:38:15 Europe/London] #########ERROR###########
[18-May-2016 18:38:15 Europe/London] PHP Warning:  include_once(header.php): failed to open stream: No such file or directory in /home/thehacka/domains/beauty101.club/public_html/index.php on line 8
[18-May-2016 18:38:15 Europe/London] PHP Warning:  include_once(): Failed opening 'header.php' for inclusion (include_path='.:/usr/local/lib/php') in /home/thehacka/domains/beauty101.club/public_html/index.php on line 8
[18-May-2016 18:38:15 Europe/London] PHP Notice:  Undefined index: HTTP_REFERER in /home/thehacka/domains/beauty101.club/public_html/index.php on line 15
[19-May-2016 08:21:06 Europe/London] #########ERROR###########
[19-May-2016 08:21:06 Europe/London] PHP Warning:  include_once(header.php): failed to open stream: No such file or directory in /home/thehacka/domains/beauty101.club/public_html/index.php on line 8
[19-May-2016 08:21:07 Europe/London] PHP Warning:  include_once(): Failed opening 'header.php' for inclusion (include_path='.:/usr/local/lib/php') in /home/thehacka/domains/beauty101.club/public_html/index.php on line 8
[19-May-2016 18:26:07 Europe/London] #########ERROR###########
[19-May-2016 18:26:07 Europe/London] PHP Warning:  include_once(header.php): failed to open stream: No such file or directory in /home/thehacka/domains/beauty101.club/public_html/index.php on line 8
[19-May-2016 18:26:07 Europe/London] PHP Warning:  include_once(): Failed opening 'header.php' for inclusion (include_path='.:/usr/local/lib/php') in /home/thehacka/domains/beauty101.club/public_html/index.php on line 8
[19-May-2016 18:26:07 Europe/London] PHP Notice:  Undefined index: HTTP_REFERER in /home/thehacka/domains/beauty101.club/public_html/index.php on line 15
[19-May-2016 21:35:50 Europe/London] #########ERROR###########
[19-May-2016 21:35:50 Europe/London] PHP Warning:  include_once(header.php): failed to open stream: No such file or directory in /home/thehacka/domains/beauty101.club/public_html/index.php on line 8
[19-May-2016 21:35:50 Europe/London] PHP Warning:  include_once(): Failed opening 'header.php' for inclusion (include_path='.:/usr/local/lib/php') in /home/thehacka/domains/beauty101.club/public_html/index.php on line 8
[19-May-2016 21:35:50 Europe/London] PHP Notice:  Undefined index: HTTP_REFERER in /home/thehacka/domains/beauty101.club/public_html/index.php on line 15
[20-May-2016 00:10:14 Europe/London] #########ERROR###########
[20-May-2016 00:10:14 Europe/London] PHP Warning:  include_once(header.php): failed to open stream: No such file or directory in /home/thehacka/domains/beauty101.club/public_html/index.php on line 8
[20-May-2016 00:10:14 Europe/London] PHP Warning:  include_once(): Failed opening 'header.php' for inclusion (include_path='.:/usr/local/lib/php') in /home/thehacka/domains/beauty101.club/public_html/index.php on line 8
[20-May-2016 00:10:14 Europe/London] PHP Notice:  Undefined index: HTTP_REFERER in /home/thehacka/domains/beauty101.club/public_html/index.php on line 15
[20-May-2016 01:13:33 Europe/London] #########ERROR###########
[20-May-2016 01:13:33 Europe/London] PHP Warning:  include_once(header.php): failed to open stream: No such file or directory in /home/thehacka/domains/beauty101.club/public_html/index.php on line 8
[20-May-2016 01:13:33 Europe/London] PHP Warning:  include_once(): Failed opening 'header.php' for inclusion (include_path='.:/usr/local/lib/php') in /home/thehacka/domains/beauty101.club/public_html/index.php on line 8
[20-May-2016 19:19:27 Europe/London] #########ERROR###########
[20-May-2016 19:19:27 Europe/London] PHP Warning:  include_once(header.php): failed to open stream: No such file or directory in /home/thehacka/domains/beauty101.club/public_html/index.php on line 8
[20-May-2016 19:19:27 Europe/London] PHP Warning:  include_once(): Failed opening 'header.php' for inclusion (include_path='.:/usr/local/lib/php') in /home/thehacka/domains/beauty101.club/public_html/index.php on line 8
[20-May-2016 19:19:27 Europe/London] #########ERROR###########
[20-May-2016 19:19:27 Europe/London] PHP Warning:  include_once(header.php): failed to open stream: No such file or directory in /home/thehacka/domains/beauty101.club/public_html/index.php on line 8
[20-May-2016 19:19:27 Europe/London] PHP Warning:  include_once(): Failed opening 'header.php' for inclusion (include_path='.:/usr/local/lib/php') in /home/thehacka/domains/beauty101.club/public_html/index.php on line 8
[20-May-2016 19:19:27 Europe/London] PHP Notice:  Undefined index: HTTP_REFERER in /home/thehacka/domains/beauty101.club/public_html/index.php on line 15
[21-May-2016 08:30:48 Europe/London] #########ERROR###########
[21-May-2016 08:30:48 Europe/London] PHP Warning:  include_once(header.php): failed to open stream: No such file or directory in /home/thehacka/domains/beauty101.club/public_html/index.php on line 8
[21-May-2016 08:30:48 Europe/London] PHP Warning:  include_once(): Failed opening 'header.php' for inclusion (include_path='.:/usr/local/lib/php') in /home/thehacka/domains/beauty101.club/public_html/index.php on line 8
[21-May-2016 08:30:48 Europe/London] PHP Notice:  Undefined index: HTTP_REFERER in /home/thehacka/domains/beauty101.club/public_html/index.php on line 15
[21-May-2016 10:18:31 Europe/London] #########ERROR###########
[21-May-2016 10:18:31 Europe/London] PHP Warning:  include_once(header.php): failed to open stream: No such file or directory in /home/thehacka/domains/beauty101.club/public_html/index.php on line 8
[21-May-2016 10:18:31 Europe/London] PHP Warning:  include_once(): Failed opening 'header.php' for inclusion (include_path='.:/usr/local/lib/php') in /home/thehacka/domains/beauty101.club/public_html/index.php on line 8
[21-May-2016 10:18:31 Europe/London] #########ERROR###########
[21-May-2016 10:18:31 Europe/London] PHP Warning:  include_once(header.php): failed to open stream: No such file or directory in /home/thehacka/domains/beauty101.club/public_html/index.php on line 8
[21-May-2016 10:18:31 Europe/London] PHP Warning:  include_once(): Failed opening 'header.php' for inclusion (include_path='.:/usr/local/lib/php') in /home/thehacka/domains/beauty101.club/public_html/index.php on line 8
[21-May-2016 10:18:31 Europe/London] PHP Notice:  Undefined index: HTTP_REFERER in /home/thehacka/domains/beauty101.club/public_html/index.php on line 15
[21-May-2016 20:22:26 Europe/London] #########ERROR###########
[21-May-2016 20:22:26 Europe/London] PHP Warning:  include_once(header.php): failed to open stream: No such file or directory in /home/thehacka/domains/beauty101.club/public_html/index.php on line 8
[21-May-2016 20:22:26 Europe/London] PHP Warning:  include_once(): Failed opening 'header.php' for inclusion (include_path='.:/usr/local/lib/php') in /home/thehacka/domains/beauty101.club/public_html/index.php on line 8
[21-May-2016 20:22:26 Europe/London] PHP Notice:  Undefined index: HTTP_REFERER in /home/thehacka/domains/beauty101.club/public_html/index.php on line 15
[21-May-2016 23:58:34 Europe/London] #########ERROR###########
[21-May-2016 23:58:34 Europe/London] PHP Warning:  include_once(header.php): failed to open stream: No such file or directory in /home/thehacka/domains/beauty101.club/public_html/index.php on line 8
[21-May-2016 23:58:34 Europe/London] PHP Warning:  include_once(): Failed opening 'header.php' for inclusion (include_path='.:/usr/local/lib/php') in /home/thehacka/domains/beauty101.club/public_html/index.php on line 8
[21-May-2016 23:58:34 Europe/London] PHP Notice:  Undefined index: HTTP_REFERER in /home/thehacka/domains/beauty101.club/public_html/index.php on line 15
[22-May-2016 06:11:51 Europe/London] #########ERROR###########
[22-May-2016 06:11:51 Europe/London] PHP Warning:  include_once(header.php): failed to open stream: No such file or directory in /home/thehacka/domains/beauty101.club/public_html/index.php on line 8
[22-May-2016 06:11:51 Europe/London] PHP Warning:  include_once(): Failed opening 'header.php' for inclusion (include_path='.:/usr/local/lib/php') in /home/thehacka/domains/beauty101.club/public_html/index.php on line 8
[22-May-2016 06:11:51 Europe/London] PHP Notice:  Undefined index: HTTP_REFERER in /home/thehacka/domains/beauty101.club/public_html/index.php on line 15
[22-May-2016 10:20:38 Europe/London] #########ERROR###########
[22-May-2016 10:20:38 Europe/London] PHP Warning:  include_once(header.php): failed to open stream: No such file or directory in /home/thehacka/domains/beauty101.club/public_html/index.php on line 8
[22-May-2016 10:20:38 Europe/London] PHP Warning:  include_once(): Failed opening 'header.php' for inclusion (include_path='.:/usr/local/lib/php') in /home/thehacka/domains/beauty101.club/public_html/index.php on line 8
[22-May-2016 19:01:00 Europe/London] #########ERROR###########
[22-May-2016 19:01:00 Europe/London] PHP Warning:  include_once(header.php): failed to open stream: No such file or directory in /home/thehacka/domains/beauty101.club/public_html/index.php on line 8
[22-May-2016 19:01:00 Europe/London] PHP Warning:  include_once(): Failed opening 'header.php' for inclusion (include_path='.:/usr/local/lib/php') in /home/thehacka/domains/beauty101.club/public_html/index.php on line 8
[22-May-2016 19:01:00 Europe/London] #########ERROR###########
[22-May-2016 19:01:00 Europe/London] PHP Warning:  include_once(header.php): failed to open stream: No such file or directory in /home/thehacka/domains/beauty101.club/public_html/index.php on line 8
[22-May-2016 19:01:00 Europe/London] PHP Warning:  include_once(): Failed opening 'header.php' for inclusion (include_path='.:/usr/local/lib/php') in /home/thehacka/domains/beauty101.club/public_html/index.php on line 8
[22-May-2016 19:01:00 Europe/London] PHP Notice:  Undefined index: HTTP_REFERER in /home/thehacka/domains/beauty101.club/public_html/index.php on line 15
[23-May-2016 21:16:20 Europe/London] #########ERROR###########
[23-May-2016 21:16:20 Europe/London] PHP Warning:  include_once(header.php): failed to open stream: No such file or directory in /home/thehacka/domains/beauty101.club/public_html/index.php on line 8
[23-May-2016 21:16:20 Europe/London] PHP Warning:  include_once(): Failed opening 'header.php' for inclusion (include_path='.:/usr/local/lib/php') in /home/thehacka/domains/beauty101.club/public_html/index.php on line 8
[23-May-2016 21:16:21 Europe/London] #########ERROR###########
[23-May-2016 21:16:21 Europe/London] PHP Warning:  include_once(header.php): failed to open stream: No such file or directory in /home/thehacka/domains/beauty101.club/public_html/index.php on line 8
[23-May-2016 21:16:21 Europe/London] PHP Warning:  include_once(): Failed opening 'header.php' for inclusion (include_path='.:/usr/local/lib/php') in /home/thehacka/domains/beauty101.club/public_html/index.php on line 8
[23-May-2016 21:16:21 Europe/London] PHP Notice:  Undefined index: HTTP_REFERER in /home/thehacka/domains/beauty101.club/public_html/index.php on line 15
[23-May-2016 21:55:17 Europe/London] #########ERROR###########
[23-May-2016 21:55:17 Europe/London] PHP Warning:  include_once(header.php): failed to open stream: No such file or directory in /home/thehacka/domains/beauty101.club/public_html/index.php on line 8
[23-May-2016 21:55:17 Europe/London] PHP Warning:  include_once(): Failed opening 'header.php' for inclusion (include_path='.:/usr/local/lib/php') in /home/thehacka/domains/beauty101.club/public_html/index.php on line 8
[23-May-2016 21:55:17 Europe/London] PHP Notice:  Undefined index: HTTP_REFERER in /home/thehacka/domains/beauty101.club/public_html/index.php on line 15
[23-May-2016 23:50:58 Europe/London] #########ERROR###########
[23-May-2016 23:50:58 Europe/London] PHP Warning:  include_once(header.php): failed to open stream: No such file or directory in /home/thehacka/domains/beauty101.club/public_html/index.php on line 8
[23-May-2016 23:50:58 Europe/London] PHP Warning:  include_once(): Failed opening 'header.php' for inclusion (include_path='.:/usr/local/lib/php') in /home/thehacka/domains/beauty101.club/public_html/index.php on line 8
[23-May-2016 23:50:58 Europe/London] PHP Notice:  Undefined index: HTTP_REFERER in /home/thehacka/domains/beauty101.club/public_html/index.php on line 15
[23-May-2016 23:59:11 Europe/London] #########ERROR###########
[23-May-2016 23:59:11 Europe/London] PHP Warning:  include_once(header.php): failed to open stream: No such file or directory in /home/thehacka/domains/beauty101.club/public_html/index.php on line 8
[23-May-2016 23:59:11 Europe/London] PHP Warning:  include_once(): Failed opening 'header.php' for inclusion (include_path='.:/usr/local/lib/php') in /home/thehacka/domains/beauty101.club/public_html/index.php on line 8
[23-May-2016 23:59:11 Europe/London] PHP Notice:  Undefined index: HTTP_REFERER in /home/thehacka/domains/beauty101.club/public_html/index.php on line 15
[24-May-2016 14:12:28 Europe/London] #########ERROR###########
[24-May-2016 14:12:28 Europe/London] PHP Warning:  include_once(header.php): failed to open stream: No such file or directory in /home/thehacka/domains/beauty101.club/public_html/index.php on line 8
[24-May-2016 14:12:28 Europe/London] PHP Warning:  include_once(): Failed opening 'header.php' for inclusion (include_path='.:/usr/local/lib/php') in /home/thehacka/domains/beauty101.club/public_html/index.php on line 8
[24-May-2016 22:12:40 Europe/London] #########ERROR###########
[24-May-2016 22:12:40 Europe/London] PHP Warning:  include_once(header.php): failed to open stream: No such file or directory in /home/thehacka/domains/beauty101.club/public_html/index.php on line 8
[24-May-2016 22:12:40 Europe/London] PHP Warning:  include_once(): Failed opening 'header.php' for inclusion (include_path='.:/usr/local/lib/php') in /home/thehacka/domains/beauty101.club/public_html/index.php on line 8
[24-May-2016 22:12:40 Europe/London] #########ERROR###########
[24-May-2016 22:12:40 Europe/London] PHP Warning:  include_once(header.php): failed to open stream: No such file or directory in /home/thehacka/domains/beauty101.club/public_html/index.php on line 8
[24-May-2016 22:12:40 Europe/London] PHP Warning:  include_once(): Failed opening 'header.php' for inclusion (include_path='.:/usr/local/lib/php') in /home/thehacka/domains/beauty101.club/public_html/index.php on line 8
[24-May-2016 22:12:40 Europe/London] PHP Notice:  Undefined index: HTTP_REFERER in /home/thehacka/domains/beauty101.club/public_html/index.php on line 15
[24-May-2016 22:37:32 Europe/London] #########ERROR###########
[24-May-2016 22:37:32 Europe/London] PHP Warning:  include_once(header.php): failed to open stream: No such file or directory in /home/thehacka/domains/beauty101.club/public_html/index.php on line 8
[24-May-2016 22:37:32 Europe/London] PHP Warning:  include_once(): Failed opening 'header.php' for inclusion (include_path='.:/usr/local/lib/php') in /home/thehacka/domains/beauty101.club/public_html/index.php on line 8
[24-May-2016 22:37:32 Europe/London] PHP Notice:  Undefined index: HTTP_REFERER in /home/thehacka/domains/beauty101.club/public_html/index.php on line 15
[25-May-2016 02:24:00 Europe/London] #########ERROR###########
[25-May-2016 02:24:00 Europe/London] PHP Warning:  include_once(header.php): failed to open stream: No such file or directory in /home/thehacka/domains/beauty101.club/public_html/index.php on line 8
[25-May-2016 02:24:00 Europe/London] PHP Warning:  include_once(): Failed opening 'header.php' for inclusion (include_path='.:/usr/local/lib/php') in /home/thehacka/domains/beauty101.club/public_html/index.php on line 8
[25-May-2016 02:24:00 Europe/London] PHP Notice:  Undefined index: HTTP_REFERER in /home/thehacka/domains/beauty101.club/public_html/index.php on line 15
[25-May-2016 03:31:03 Europe/London] #########ERROR###########
[25-May-2016 03:31:03 Europe/London] PHP Warning:  include_once(header.php): failed to open stream: No such file or directory in /home/thehacka/domains/beauty101.club/public_html/index.php on line 8
[25-May-2016 03:31:03 Europe/London] PHP Warning:  include_once(): Failed opening 'header.php' for inclusion (include_path='.:/usr/local/lib/php') in /home/thehacka/domains/beauty101.club/public_html/index.php on line 8
[25-May-2016 03:31:03 Europe/London] PHP Notice:  Undefined index: HTTP_REFERER in /home/thehacka/domains/beauty101.club/public_html/index.php on line 15
[25-May-2016 17:44:55 Europe/London] #########ERROR###########
[25-May-2016 17:44:55 Europe/London] PHP Warning:  include_once(header.php): failed to open stream: No such file or directory in /home/thehacka/domains/beauty101.club/public_html/index.php on line 8
[25-May-2016 17:44:55 Europe/London] PHP Warning:  include_once(): Failed opening 'header.php' for inclusion (include_path='.:/usr/local/lib/php') in /home/thehacka/domains/beauty101.club/public_html/index.php on line 8
[25-May-2016 20:10:56 Europe/London] #########ERROR###########
[25-May-2016 20:10:56 Europe/London] PHP Warning:  include_once(header.php): failed to open stream: No such file or directory in /home/thehacka/domains/beauty101.club/public_html/index.php on line 8
[25-May-2016 20:10:56 Europe/London] PHP Warning:  include_once(): Failed opening 'header.php' for inclusion (include_path='.:/usr/local/lib/php') in /home/thehacka/domains/beauty101.club/public_html/index.php on line 8
[25-May-2016 20:10:56 Europe/London] PHP Notice:  Undefined index: HTTP_REFERER in /home/thehacka/domains/beauty101.club/public_html/index.php on line 15
[25-May-2016 20:32:47 Europe/London] #########ERROR###########
[25-May-2016 20:32:47 Europe/London] PHP Warning:  include_once(header.php): failed to open stream: No such file or directory in /home/thehacka/domains/beauty101.club/public_html/index.php on line 8
[25-May-2016 20:32:47 Europe/London] PHP Warning:  include_once(): Failed opening 'header.php' for inclusion (include_path='.:/usr/local/lib/php') in /home/thehacka/domains/beauty101.club/public_html/index.php on line 8
[25-May-2016 20:32:48 Europe/London] #########ERROR###########
[25-May-2016 20:32:48 Europe/London] PHP Warning:  include_once(header.php): failed to open stream: No such file or directory in /home/thehacka/domains/beauty101.club/public_html/index.php on line 8
[25-May-2016 20:32:48 Europe/London] PHP Warning:  include_once(): Failed opening 'header.php' for inclusion (include_path='.:/usr/local/lib/php') in /home/thehacka/domains/beauty101.club/public_html/index.php on line 8
[25-May-2016 20:32:48 Europe/London] PHP Notice:  Undefined index: HTTP_REFERER in /home/thehacka/domains/beauty101.club/public_html/index.php on line 15
[26-May-2016 01:57:57 Europe/London] #########ERROR###########
[26-May-2016 01:57:57 Europe/London] PHP Warning:  include_once(header.php): failed to open stream: No such file or directory in /home/thehacka/domains/beauty101.club/public_html/index.php on line 8
[26-May-2016 01:57:57 Europe/London] PHP Warning:  include_once(): Failed opening 'header.php' for inclusion (include_path='.:/usr/local/lib/php') in /home/thehacka/domains/beauty101.club/public_html/index.php on line 8
[26-May-2016 01:57:57 Europe/London] PHP Notice:  Undefined index: HTTP_REFERER in /home/thehacka/domains/beauty101.club/public_html/index.php on line 15
[26-May-2016 16:49:11 Europe/London] #########ERROR###########
[26-May-2016 16:49:11 Europe/London] PHP Warning:  include_once(header.php): failed to open stream: No such file or directory in /home/thehacka/domains/beauty101.club/public_html/index.php on line 8
[26-May-2016 16:49:11 Europe/London] PHP Warning:  include_once(): Failed opening 'header.php' for inclusion (include_path='.:/usr/local/lib/php') in /home/thehacka/domains/beauty101.club/public_html/index.php on line 8
[26-May-2016 16:49:11 Europe/London] PHP Notice:  Undefined index: HTTP_REFERER in /home/thehacka/domains/beauty101.club/public_html/index.php on line 15
[26-May-2016 17:07:46 Europe/London] #########ERROR###########
[26-May-2016 17:07:46 Europe/London] PHP Warning:  include_once(header.php): failed to open stream: No such file or directory in /home/thehacka/domains/beauty101.club/public_html/index.php on line 8
[26-May-2016 17:07:46 Europe/London] PHP Warning:  include_once(): Failed opening 'header.php' for inclusion (include_path='.:/usr/local/lib/php') in /home/thehacka/domains/beauty101.club/public_html/index.php on line 8
[26-May-2016 17:07:46 Europe/London] #########ERROR###########
[26-May-2016 17:07:46 Europe/London] PHP Warning:  include_once(header.php): failed to open stream: No such file or directory in /home/thehacka/domains/beauty101.club/public_html/index.php on line 8
[26-May-2016 17:07:46 Europe/London] PHP Warning:  include_once(): Failed opening 'header.php' for inclusion (include_path='.:/usr/local/lib/php') in /home/thehacka/domains/beauty101.club/public_html/index.php on line 8
[26-May-2016 17:07:46 Europe/London] PHP Notice:  Undefined index: HTTP_REFERER in /home/thehacka/domains/beauty101.club/public_html/index.php on line 15
[27-May-2016 04:28:56 Europe/London] #########ERROR###########
[27-May-2016 04:28:56 Europe/London] PHP Warning:  include_once(header.php): failed to open stream: No such file or directory in /home/thehacka/domains/beauty101.club/public_html/index.php on line 8
[27-May-2016 04:28:56 Europe/London] PHP Warning:  include_once(): Failed opening 'header.php' for inclusion (include_path='.:/usr/local/lib/php') in /home/thehacka/domains/beauty101.club/public_html/index.php on line 8
[27-May-2016 04:28:56 Europe/London] PHP Notice:  Undefined index: HTTP_REFERER in /home/thehacka/domains/beauty101.club/public_html/index.php on line 15
[27-May-2016 16:20:40 Europe/London] #########ERROR###########
[27-May-2016 16:20:40 Europe/London] PHP Warning:  include_once(header.php): failed to open stream: No such file or directory in /home/thehacka/domains/beauty101.club/public_html/index.php on line 8
[27-May-2016 16:20:40 Europe/London] PHP Warning:  include_once(): Failed opening 'header.php' for inclusion (include_path='.:/usr/local/lib/php') in /home/thehacka/domains/beauty101.club/public_html/index.php on line 8
[27-May-2016 16:20:40 Europe/London] #########ERROR###########
[27-May-2016 16:20:40 Europe/London] PHP Warning:  include_once(header.php): failed to open stream: No such file or directory in /home/thehacka/domains/beauty101.club/public_html/index.php on line 8
[27-May-2016 16:20:40 Europe/London] PHP Warning:  include_once(): Failed opening 'header.php' for inclusion (include_path='.:/usr/local/lib/php') in /home/thehacka/domains/beauty101.club/public_html/index.php on line 8
[27-May-2016 16:20:40 Europe/London] PHP Notice:  Undefined index: HTTP_REFERER in /home/thehacka/domains/beauty101.club/public_html/index.php on line 15
[28-May-2016 02:49:43 Europe/London] #########ERROR###########
[28-May-2016 02:49:43 Europe/London] PHP Warning:  include_once(header.php): failed to open stream: No such file or directory in /home/thehacka/domains/beauty101.club/public_html/index.php on line 8
[28-May-2016 02:49:43 Europe/London] PHP Warning:  include_once(): Failed opening 'header.php' for inclusion (include_path='.:/usr/local/lib/php') in /home/thehacka/domains/beauty101.club/public_html/index.php on line 8
[28-May-2016 02:49:43 Europe/London] PHP Notice:  Undefined index: HTTP_REFERER in /home/thehacka/domains/beauty101.club/public_html/index.php on line 15
[28-May-2016 05:07:59 Europe/London] #########ERROR###########
[28-May-2016 05:07:59 Europe/London] PHP Warning:  include_once(header.php): failed to open stream: No such file or directory in /home/thehacka/domains/beauty101.club/public_html/index.php on line 8
[28-May-2016 05:07:59 Europe/London] PHP Warning:  include_once(): Failed opening 'header.php' for inclusion (include_path='.:/usr/local/lib/php') in /home/thehacka/domains/beauty101.club/public_html/index.php on line 8
[28-May-2016 05:07:59 Europe/London] PHP Notice:  Undefined index: HTTP_REFERER in /home/thehacka/domains/beauty101.club/public_html/index.php on line 15
[28-May-2016 13:02:38 Europe/London] #########ERROR###########
[28-May-2016 13:02:38 Europe/London] PHP Warning:  include_once(header.php): failed to open stream: No such file or directory in /home/thehacka/domains/beauty101.club/public_html/index.php on line 8
[28-May-2016 13:02:38 Europe/London] PHP Warning:  include_once(): Failed opening 'header.php' for inclusion (include_path='.:/usr/local/lib/php') in /home/thehacka/domains/beauty101.club/public_html/index.php on line 8
[28-May-2016 13:02:38 Europe/London] PHP Notice:  Undefined index: HTTP_REFERER in /home/thehacka/domains/beauty101.club/public_html/index.php on line 15
[28-May-2016 14:32:44 Europe/London] #########ERROR###########
[28-May-2016 14:32:44 Europe/London] PHP Warning:  include_once(header.php): failed to open stream: No such file or directory in /home/thehacka/domains/beauty101.club/public_html/index.php on line 8
[28-May-2016 14:32:44 Europe/London] PHP Warning:  include_once(): Failed opening 'header.php' for inclusion (include_path='.:/usr/local/lib/php') in /home/thehacka/domains/beauty101.club/public_html/index.php on line 8
[28-May-2016 14:32:45 Europe/London] #########ERROR###########
[28-May-2016 14:32:45 Europe/London] PHP Warning:  include_once(header.php): failed to open stream: No such file or directory in /home/thehacka/domains/beauty101.club/public_html/index.php on line 8
[28-May-2016 14:32:45 Europe/London] PHP Warning:  include_once(): Failed opening 'header.php' for inclusion (include_path='.:/usr/local/lib/php') in /home/thehacka/domains/beauty101.club/public_html/index.php on line 8
[28-May-2016 14:32:45 Europe/London] PHP Notice:  Undefined index: HTTP_REFERER in /home/thehacka/domains/beauty101.club/public_html/index.php on line 15
[29-May-2016 02:27:45 Europe/London] #########ERROR###########
[29-May-2016 02:27:45 Europe/London] PHP Warning:  include_once(header.php): failed to open stream: No such file or directory in /home/thehacka/domains/beauty101.club/public_html/index.php on line 8
[29-May-2016 02:27:45 Europe/London] PHP Warning:  include_once(): Failed opening 'header.php' for inclusion (include_path='.:/usr/local/lib/php') in /home/thehacka/domains/beauty101.club/public_html/index.php on line 8
[29-May-2016 02:27:45 Europe/London] PHP Notice:  Undefined index: HTTP_REFERER in /home/thehacka/domains/beauty101.club/public_html/index.php on line 15
[29-May-2016 10:01:30 Europe/London] #########ERROR###########
[29-May-2016 10:01:30 Europe/London] PHP Warning:  include_once(header.php): failed to open stream: No such file or directory in /home/thehacka/domains/beauty101.club/public_html/index.php on line 8
[29-May-2016 10:01:30 Europe/London] PHP Warning:  include_once(): Failed opening 'header.php' for inclusion (include_path='.:/usr/local/lib/php') in /home/thehacka/domains/beauty101.club/public_html/index.php on line 8
[29-May-2016 10:01:30 Europe/London] PHP Notice:  Undefined index: HTTP_REFERER in /home/thehacka/domains/beauty101.club/public_html/index.php on line 15
[29-May-2016 10:59:59 Europe/London] #########ERROR###########
[29-May-2016 10:59:59 Europe/London] PHP Warning:  include_once(header.php): failed to open stream: No such file or directory in /home/thehacka/domains/beauty101.club/public_html/index.php on line 8
[29-May-2016 10:59:59 Europe/London] PHP Warning:  include_once(): Failed opening 'header.php' for inclusion (include_path='.:/usr/local/lib/php') in /home/thehacka/domains/beauty101.club/public_html/index.php on line 8
[29-May-2016 10:59:59 Europe/London] #########ERROR###########
[29-May-2016 10:59:59 Europe/London] PHP Warning:  include_once(header.php): failed to open stream: No such file or directory in /home/thehacka/domains/beauty101.club/public_html/index.php on line 8
[29-May-2016 10:59:59 Europe/London] PHP Warning:  include_once(): Failed opening 'header.php' for inclusion (include_path='.:/usr/local/lib/php') in /home/thehacka/domains/beauty101.club/public_html/index.php on line 8
[29-May-2016 10:59:59 Europe/London] PHP Notice:  Undefined index: HTTP_REFERER in /home/thehacka/domains/beauty101.club/public_html/index.php on line 15
[29-May-2016 17:03:46 Europe/London] #########ERROR###########
[29-May-2016 17:03:46 Europe/London] PHP Warning:  include_once(header.php): failed to open stream: No such file or directory in /home/thehacka/domains/beauty101.club/public_html/index.php on line 8
[29-May-2016 17:03:46 Europe/London] PHP Warning:  include_once(): Failed opening 'header.php' for inclusion (include_path='.:/usr/local/lib/php') in /home/thehacka/domains/beauty101.club/public_html/index.php on line 8
[29-May-2016 17:03:46 Europe/London] PHP Notice:  Undefined index: HTTP_REFERER in /home/thehacka/domains/beauty101.club/public_html/index.php on line 15
[30-May-2016 05:27:50 Europe/London] #########ERROR###########
[30-May-2016 05:27:50 Europe/London] PHP Warning:  include_once(header.php): failed to open stream: No such file or directory in /home/thehacka/domains/beauty101.club/public_html/index.php on line 8
[30-May-2016 05:27:50 Europe/London] PHP Warning:  include_once(): Failed opening 'header.php' for inclusion (include_path='.:/usr/local/lib/php') in /home/thehacka/domains/beauty101.club/public_html/index.php on line 8
[30-May-2016 05:27:50 Europe/London] PHP Notice:  Undefined index: HTTP_REFERER in /home/thehacka/domains/beauty101.club/public_html/index.php on line 15
[30-May-2016 07:07:32 Europe/London] #########ERROR###########
[30-May-2016 07:07:32 Europe/London] PHP Warning:  include_once(header.php): failed to open stream: No such file or directory in /home/thehacka/domains/beauty101.club/public_html/index.php on line 8
[30-May-2016 07:07:32 Europe/London] PHP Warning:  include_once(): Failed opening 'header.php' for inclusion (include_path='.:/usr/local/lib/php') in /home/thehacka/domains/beauty101.club/public_html/index.php on line 8
[30-May-2016 07:07:32 Europe/London] PHP Notice:  Undefined index: HTTP_REFERER in /home/thehacka/domains/beauty101.club/public_html/index.php on line 15
[30-May-2016 14:55:43 Europe/London] #########ERROR###########
[30-May-2016 14:55:43 Europe/London] PHP Warning:  include_once(header.php): failed to open stream: No such file or directory in /home/thehacka/domains/beauty101.club/public_html/index.php on line 8
[30-May-2016 14:55:43 Europe/London] PHP Warning:  include_once(): Failed opening 'header.php' for inclusion (include_path='.:/usr/local/lib/php') in /home/thehacka/domains/beauty101.club/public_html/index.php on line 8
[30-May-2016 14:55:43 Europe/London] PHP Notice:  Undefined index: HTTP_REFERER in /home/thehacka/domains/beauty101.club/public_html/index.php on line 15
[30-May-2016 18:46:17 Europe/London] #########ERROR###########
[30-May-2016 18:46:17 Europe/London] PHP Warning:  include_once(header.php): failed to open stream: No such file or directory in /home/thehacka/domains/beauty101.club/public_html/index.php on line 8
[30-May-2016 18:46:17 Europe/London] PHP Warning:  include_once(): Failed opening 'header.php' for inclusion (include_path='.:/usr/local/lib/php') in /home/thehacka/domains/beauty101.club/public_html/index.php on line 8
[30-May-2016 18:46:17 Europe/London] PHP Notice:  Undefined index: HTTP_REFERER in /home/thehacka/domains/beauty101.club/public_html/index.php on line 15
[30-May-2016 20:22:27 Europe/London] #########ERROR###########
[30-May-2016 20:22:27 Europe/London] PHP Warning:  include_once(header.php): failed to open stream: No such file or directory in /home/thehacka/domains/beauty101.club/public_html/index.php on line 8
[30-May-2016 20:22:27 Europe/London] PHP Warning:  include_once(): Failed opening 'header.php' for inclusion (include_path='.:/usr/local/lib/php') in /home/thehacka/domains/beauty101.club/public_html/index.php on line 8
[30-May-2016 20:22:27 Europe/London] PHP Notice:  Undefined index: HTTP_REFERER in /home/thehacka/domains/beauty101.club/public_html/index.php on line 15
[30-May-2016 20:51:05 Europe/London] #########ERROR###########
[30-May-2016 20:51:05 Europe/London] PHP Warning:  include_once(header.php): failed to open stream: No such file or directory in /home/thehacka/domains/beauty101.club/public_html/index.php on line 8
[30-May-2016 20:51:05 Europe/London] PHP Warning:  include_once(): Failed opening 'header.php' for inclusion (include_path='.:/usr/local/lib/php') in /home/thehacka/domains/beauty101.club/public_html/index.php on line 8
[30-May-2016 20:51:05 Europe/London] #########ERROR###########
[30-May-2016 20:51:05 Europe/London] PHP Warning:  include_once(header.php): failed to open stream: No such file or directory in /home/thehacka/domains/beauty101.club/public_html/index.php on line 8
[30-May-2016 20:51:05 Europe/London] PHP Warning:  include_once(): Failed opening 'header.php' for inclusion (include_path='.:/usr/local/lib/php') in /home/thehacka/domains/beauty101.club/public_html/index.php on line 8
[30-May-2016 20:51:05 Europe/London] PHP Notice:  Undefined index: HTTP_REFERER in /home/thehacka/domains/beauty101.club/public_html/index.php on line 15
[30-May-2016 23:54:54 Europe/London] #########ERROR###########
[30-May-2016 23:54:54 Europe/London] PHP Warning:  include_once(header.php): failed to open stream: No such file or directory in /home/thehacka/domains/beauty101.club/public_html/index.php on line 8
[30-May-2016 23:54:54 Europe/London] PHP Warning:  include_once(): Failed opening 'header.php' for inclusion (include_path='.:/usr/local/lib/php') in /home/thehacka/domains/beauty101.club/public_html/index.php on line 8
[30-May-2016 23:54:54 Europe/London] PHP Notice:  Undefined index: HTTP_REFERER in /home/thehacka/domains/beauty101.club/public_html/index.php on line 15
[31-May-2016 12:41:22 Europe/London] #########ERROR###########
[31-May-2016 12:41:22 Europe/London] PHP Warning:  include_once(header.php): failed to open stream: No such file or directory in /home/thehacka/domains/beauty101.club/public_html/index.php on line 8
[31-May-2016 12:41:22 Europe/London] PHP Warning:  include_once(): Failed opening 'header.php' for inclusion (include_path='.:/usr/local/lib/php') in /home/thehacka/domains/beauty101.club/public_html/index.php on line 8
[31-May-2016 12:41:22 Europe/London] PHP Notice:  Undefined index: HTTP_REFERER in /home/thehacka/domains/beauty101.club/public_html/index.php on line 15
[31-May-2016 19:09:56 Europe/London] #########ERROR###########
[31-May-2016 19:09:56 Europe/London] PHP Warning:  include_once(header.php): failed to open stream: No such file or directory in /home/thehacka/domains/beauty101.club/public_html/index.php on line 8
[31-May-2016 19:09:56 Europe/London] PHP Warning:  include_once(): Failed opening 'header.php' for inclusion (include_path='.:/usr/local/lib/php') in /home/thehacka/domains/beauty101.club/public_html/index.php on line 8
[31-May-2016 19:09:56 Europe/London] #########ERROR###########
[31-May-2016 19:09:56 Europe/London] PHP Warning:  include_once(header.php): failed to open stream: No such file or directory in /home/thehacka/domains/beauty101.club/public_html/index.php on line 8
[31-May-2016 19:09:56 Europe/London] PHP Warning:  include_once(): Failed opening 'header.php' for inclusion (include_path='.:/usr/local/lib/php') in /home/thehacka/domains/beauty101.club/public_html/index.php on line 8
[31-May-2016 19:09:56 Europe/London] PHP Notice:  Undefined index: HTTP_REFERER in /home/thehacka/domains/beauty101.club/public_html/index.php on line 15
[01-Jun-2016 01:29:59 Europe/London] #########ERROR###########
[01-Jun-2016 01:29:59 Europe/London] PHP Warning:  include_once(header.php): failed to open stream: No such file or directory in /home/thehacka/domains/beauty101.club/public_html/index.php on line 8
[01-Jun-2016 01:29:59 Europe/London] PHP Warning:  include_once(): Failed opening 'header.php' for inclusion (include_path='.:/usr/local/lib/php') in /home/thehacka/domains/beauty101.club/public_html/index.php on line 8
[01-Jun-2016 01:29:59 Europe/London] PHP Notice:  Undefined index: HTTP_REFERER in /home/thehacka/domains/beauty101.club/public_html/index.php on line 15
[01-Jun-2016 01:31:54 Europe/London] #########ERROR###########
[01-Jun-2016 01:31:54 Europe/London] PHP Warning:  include_once(header.php): failed to open stream: No such file or directory in /home/thehacka/domains/beauty101.club/public_html/index.php on line 8
[01-Jun-2016 01:31:54 Europe/London] PHP Warning:  include_once(): Failed opening 'header.php' for inclusion (include_path='.:/usr/local/lib/php') in /home/thehacka/domains/beauty101.club/public_html/index.php on line 8
[01-Jun-2016 01:31:54 Europe/London] PHP Notice:  Undefined index: HTTP_REFERER in /home/thehacka/domains/beauty101.club/public_html/index.php on line 15
[01-Jun-2016 03:05:46 Europe/London] #########ERROR###########
[01-Jun-2016 03:05:46 Europe/London] PHP Warning:  include_once(header.php): failed to open stream: No such file or directory in /home/thehacka/domains/beauty101.club/public_html/index.php on line 8
[01-Jun-2016 03:05:46 Europe/London] PHP Warning:  include_once(): Failed opening 'header.php' for inclusion (include_path='.:/usr/local/lib/php') in /home/thehacka/domains/beauty101.club/public_html/index.php on line 8
[01-Jun-2016 03:05:46 Europe/London] PHP Notice:  Undefined index: HTTP_REFERER in /home/thehacka/domains/beauty101.club/public_html/index.php on line 15
[01-Jun-2016 05:47:09 Europe/London] #########ERROR###########
[01-Jun-2016 05:47:09 Europe/London] PHP Warning:  include_once(header.php): failed to open stream: No such file or directory in /home/thehacka/domains/beauty101.club/public_html/index.php on line 8
[01-Jun-2016 05:47:09 Europe/London] PHP Warning:  include_once(): Failed opening 'header.php' for inclusion (include_path='.:/usr/local/lib/php') in /home/thehacka/domains/beauty101.club/public_html/index.php on line 8
[01-Jun-2016 05:47:09 Europe/London] PHP Notice:  Undefined index: HTTP_REFERER in /home/thehacka/domains/beauty101.club/public_html/index.php on line 15
[01-Jun-2016 05:47:09 Europe/London] PHP Fatal error:  Uncaught exception 'PDOException' with message 'SQLSTATE[23000]: Integrity constraint violation: 1048 Column 'useragent' cannot be null' in /home/thehacka/domains/beauty101.club/public_html/index.php:17
Stack trace:
#0 /home/thehacka/domains/beauty101.club/public_html/index.php(17): PDOStatement->execute()
#1 {main}
  thrown in /home/thehacka/domains/beauty101.club/public_html/index.php on line 17
[01-Jun-2016 05:47:11 Europe/London] #########ERROR###########
[01-Jun-2016 05:47:11 Europe/London] PHP Warning:  include_once(header.php): failed to open stream: No such file or directory in /home/thehacka/domains/beauty101.club/public_html/index.php on line 8
[01-Jun-2016 05:47:11 Europe/London] PHP Warning:  include_once(): Failed opening 'header.php' for inclusion (include_path='.:/usr/local/lib/php') in /home/thehacka/domains/beauty101.club/public_html/index.php on line 8
[01-Jun-2016 05:47:11 Europe/London] PHP Notice:  Undefined index: HTTP_REFERER in /home/thehacka/domains/beauty101.club/public_html/index.php on line 15
[01-Jun-2016 05:47:11 Europe/London] PHP Fatal error:  Uncaught exception 'PDOException' with message 'SQLSTATE[23000]: Integrity constraint violation: 1048 Column 'useragent' cannot be null' in /home/thehacka/domains/beauty101.club/public_html/index.php:17
Stack trace:
#0 /home/thehacka/domains/beauty101.club/public_html/index.php(17): PDOStatement->execute()
#1 {main}
  thrown in /home/thehacka/domains/beauty101.club/public_html/index.php on line 17
[01-Jun-2016 05:47:11 Europe/London] #########ERROR###########
[01-Jun-2016 05:47:11 Europe/London] PHP Warning:  include_once(header.php): failed to open stream: No such file or directory in /home/thehacka/domains/beauty101.club/public_html/index.php on line 8
[01-Jun-2016 05:47:11 Europe/London] PHP Warning:  include_once(): Failed opening 'header.php' for inclusion (include_path='.:/usr/local/lib/php') in /home/thehacka/domains/beauty101.club/public_html/index.php on line 8
[01-Jun-2016 05:47:11 Europe/London] PHP Notice:  Undefined index: HTTP_REFERER in /home/thehacka/domains/beauty101.club/public_html/index.php on line 15
[01-Jun-2016 05:47:11 Europe/London] PHP Fatal error:  Uncaught exception 'PDOException' with message 'SQLSTATE[23000]: Integrity constraint violation: 1048 Column 'useragent' cannot be null' in /home/thehacka/domains/beauty101.club/public_html/index.php:17
Stack trace:
#0 /home/thehacka/domains/beauty101.club/public_html/index.php(17): PDOStatement->execute()
#1 {main}
  thrown in /home/thehacka/domains/beauty101.club/public_html/index.php on line 17
[01-Jun-2016 05:47:12 Europe/London] #########ERROR###########
[01-Jun-2016 05:47:12 Europe/London] PHP Warning:  include_once(header.php): failed to open stream: No such file or directory in /home/thehacka/domains/beauty101.club/public_html/index.php on line 8
[01-Jun-2016 05:47:12 Europe/London] PHP Warning:  include_once(): Failed opening 'header.php' for inclusion (include_path='.:/usr/local/lib/php') in /home/thehacka/domains/beauty101.club/public_html/index.php on line 8
[01-Jun-2016 05:47:12 Europe/London] PHP Notice:  Undefined index: HTTP_REFERER in /home/thehacka/domains/beauty101.club/public_html/index.php on line 15
[01-Jun-2016 05:47:12 Europe/London] PHP Fatal error:  Uncaught exception 'PDOException' with message 'SQLSTATE[23000]: Integrity constraint violation: 1048 Column 'useragent' cannot be null' in /home/thehacka/domains/beauty101.club/public_html/index.php:17
Stack trace:
#0 /home/thehacka/domains/beauty101.club/public_html/index.php(17): PDOStatement->execute()
#1 {main}
  thrown in /home/thehacka/domains/beauty101.club/public_html/index.php on line 17
[01-Jun-2016 05:47:14 Europe/London] #########ERROR###########
[01-Jun-2016 05:47:14 Europe/London] PHP Warning:  include_once(header.php): failed to open stream: No such file or directory in /home/thehacka/domains/beauty101.club/public_html/index.php on line 8
[01-Jun-2016 05:47:14 Europe/London] PHP Warning:  include_once(): Failed opening 'header.php' for inclusion (include_path='.:/usr/local/lib/php') in /home/thehacka/domains/beauty101.club/public_html/index.php on line 8
[01-Jun-2016 05:47:14 Europe/London] PHP Notice:  Undefined index: HTTP_REFERER in /home/thehacka/domains/beauty101.club/public_html/index.php on line 15
[01-Jun-2016 05:47:14 Europe/London] PHP Fatal error:  Uncaught exception 'PDOException' with message 'SQLSTATE[23000]: Integrity constraint violation: 1048 Column 'useragent' cannot be null' in /home/thehacka/domains/beauty101.club/public_html/index.php:17
Stack trace:
#0 /home/thehacka/domains/beauty101.club/public_html/index.php(17): PDOStatement->execute()
#1 {main}
  thrown in /home/thehacka/domains/beauty101.club/public_html/index.php on line 17
[01-Jun-2016 10:13:25 Europe/London] #########ERROR###########
[01-Jun-2016 10:13:25 Europe/London] PHP Warning:  include_once(header.php): failed to open stream: No such file or directory in /home/thehacka/domains/beauty101.club/public_html/index.php on line 8
[01-Jun-2016 10:13:25 Europe/London] PHP Warning:  include_once(): Failed opening 'header.php' for inclusion (include_path='.:/usr/local/lib/php') in /home/thehacka/domains/beauty101.club/public_html/index.php on line 8
[01-Jun-2016 10:13:25 Europe/London] PHP Notice:  Undefined index: HTTP_REFERER in /home/thehacka/domains/beauty101.club/public_html/index.php on line 15
[01-Jun-2016 19:43:31 Europe/London] #########ERROR###########
[01-Jun-2016 19:43:31 Europe/London] PHP Warning:  include_once(header.php): failed to open stream: No such file or directory in /home/thehacka/domains/beauty101.club/public_html/index.php on line 8
[01-Jun-2016 19:43:31 Europe/London] PHP Warning:  include_once(): Failed opening 'header.php' for inclusion (include_path='.:/usr/local/lib/php') in /home/thehacka/domains/beauty101.club/public_html/index.php on line 8
[01-Jun-2016 19:43:31 Europe/London] #########ERROR###########
[01-Jun-2016 19:43:31 Europe/London] PHP Warning:  include_once(header.php): failed to open stream: No such file or directory in /home/thehacka/domains/beauty101.club/public_html/index.php on line 8
[01-Jun-2016 19:43:31 Europe/London] PHP Warning:  include_once(): Failed opening 'header.php' for inclusion (include_path='.:/usr/local/lib/php') in /home/thehacka/domains/beauty101.club/public_html/index.php on line 8
[01-Jun-2016 19:43:31 Europe/London] PHP Notice:  Undefined index: HTTP_REFERER in /home/thehacka/domains/beauty101.club/public_html/index.php on line 15
[02-Jun-2016 02:06:50 Europe/London] #########ERROR###########
[02-Jun-2016 02:06:50 Europe/London] PHP Warning:  include_once(header.php): failed to open stream: No such file or directory in /home/thehacka/domains/beauty101.club/public_html/index.php on line 8
[02-Jun-2016 02:06:50 Europe/London] PHP Warning:  include_once(): Failed opening 'header.php' for inclusion (include_path='.:/usr/local/lib/php') in /home/thehacka/domains/beauty101.club/public_html/index.php on line 8
[02-Jun-2016 02:06:50 Europe/London] PHP Notice:  Undefined index: HTTP_REFERER in /home/thehacka/domains/beauty101.club/public_html/index.php on line 15
[02-Jun-2016 03:59:25 Europe/London] #########ERROR###########
[02-Jun-2016 03:59:25 Europe/London] PHP Warning:  include_once(header.php): failed to open stream: No such file or directory in /home/thehacka/domains/beauty101.club/public_html/index.php on line 8
[02-Jun-2016 03:59:25 Europe/London] PHP Warning:  include_once(): Failed opening 'header.php' for inclusion (include_path='.:/usr/local/lib/php') in /home/thehacka/domains/beauty101.club/public_html/index.php on line 8
[02-Jun-2016 03:59:25 Europe/London] PHP Notice:  Undefined index: HTTP_REFERER in /home/thehacka/domains/beauty101.club/public_html/index.php on line 15
[02-Jun-2016 05:19:12 Europe/London] #########ERROR###########
[02-Jun-2016 05:19:12 Europe/London] PHP Warning:  include_once(header.php): failed to open stream: No such file or directory in /home/thehacka/domains/beauty101.club/public_html/index.php on line 8
[02-Jun-2016 05:19:12 Europe/London] PHP Warning:  include_once(): Failed opening 'header.php' for inclusion (include_path='.:/usr/local/lib/php') in /home/thehacka/domains/beauty101.club/public_html/index.php on line 8
[02-Jun-2016 05:19:12 Europe/London] PHP Notice:  Undefined index: HTTP_REFERER in /home/thehacka/domains/beauty101.club/public_html/index.php on line 15
[02-Jun-2016 09:24:32 Europe/London] #########ERROR###########
[02-Jun-2016 09:24:32 Europe/London] PHP Warning:  include_once(header.php): failed to open stream: No such file or directory in /home/thehacka/domains/beauty101.club/public_html/index.php on line 8
[02-Jun-2016 09:24:32 Europe/London] PHP Warning:  include_once(): Failed opening 'header.php' for inclusion (include_path='.:/usr/local/lib/php') in /home/thehacka/domains/beauty101.club/public_html/index.php on line 8
[02-Jun-2016 09:24:33 Europe/London] #########ERROR###########
[02-Jun-2016 09:24:33 Europe/London] PHP Warning:  include_once(header.php): failed to open stream: No such file or directory in /home/thehacka/domains/beauty101.club/public_html/index.php on line 8
[02-Jun-2016 09:24:33 Europe/London] PHP Warning:  include_once(): Failed opening 'header.php' for inclusion (include_path='.:/usr/local/lib/php') in /home/thehacka/domains/beauty101.club/public_html/index.php on line 8
[02-Jun-2016 09:24:33 Europe/London] PHP Notice:  Undefined index: HTTP_REFERER in /home/thehacka/domains/beauty101.club/public_html/index.php on line 15
[02-Jun-2016 19:16:21 Europe/London] #########ERROR###########
[02-Jun-2016 19:16:21 Europe/London] PHP Warning:  include_once(header.php): failed to open stream: No such file or directory in /home/thehacka/domains/beauty101.club/public_html/index.php on line 8
[02-Jun-2016 19:16:21 Europe/London] PHP Warning:  include_once(): Failed opening 'header.php' for inclusion (include_path='.:/usr/local/lib/php') in /home/thehacka/domains/beauty101.club/public_html/index.php on line 8
[02-Jun-2016 19:16:21 Europe/London] PHP Notice:  Undefined index: HTTP_REFERER in /home/thehacka/domains/beauty101.club/public_html/index.php on line 15
[02-Jun-2016 21:08:47 Europe/London] #########ERROR###########
[02-Jun-2016 21:08:47 Europe/London] PHP Warning:  include_once(header.php): failed to open stream: No such file or directory in /home/thehacka/domains/beauty101.club/public_html/index.php on line 8
[02-Jun-2016 21:08:47 Europe/London] PHP Warning:  include_once(): Failed opening 'header.php' for inclusion (include_path='.:/usr/local/lib/php') in /home/thehacka/domains/beauty101.club/public_html/index.php on line 8
[02-Jun-2016 21:08:47 Europe/London] PHP Notice:  Undefined index: HTTP_REFERER in /home/thehacka/domains/beauty101.club/public_html/index.php on line 15
[03-Jun-2016 13:31:22 Europe/London] #########ERROR###########
[03-Jun-2016 13:31:22 Europe/London] PHP Warning:  include_once(header.php): failed to open stream: No such file or directory in /home/thehacka/domains/beauty101.club/public_html/index.php on line 8
[03-Jun-2016 13:31:22 Europe/London] PHP Warning:  include_once(): Failed opening 'header.php' for inclusion (include_path='.:/usr/local/lib/php') in /home/thehacka/domains/beauty101.club/public_html/index.php on line 8
[03-Jun-2016 13:31:22 Europe/London] PHP Notice:  Undefined index: HTTP_REFERER in /home/thehacka/domains/beauty101.club/public_html/index.php on line 15
[03-Jun-2016 19:30:31 Europe/London] #########ERROR###########
[03-Jun-2016 19:30:31 Europe/London] PHP Warning:  include_once(header.php): failed to open stream: No such file or directory in /home/thehacka/domains/beauty101.club/public_html/index.php on line 8
[03-Jun-2016 19:30:31 Europe/London] PHP Warning:  include_once(): Failed opening 'header.php' for inclusion (include_path='.:/usr/local/lib/php') in /home/thehacka/domains/beauty101.club/public_html/index.php on line 8
[03-Jun-2016 19:30:32 Europe/London] #########ERROR###########
[03-Jun-2016 19:30:32 Europe/London] PHP Warning:  include_once(header.php): failed to open stream: No such file or directory in /home/thehacka/domains/beauty101.club/public_html/index.php on line 8
[03-Jun-2016 19:30:32 Europe/London] PHP Warning:  include_once(): Failed opening 'header.php' for inclusion (include_path='.:/usr/local/lib/php') in /home/thehacka/domains/beauty101.club/public_html/index.php on line 8
[03-Jun-2016 19:30:32 Europe/London] PHP Notice:  Undefined index: HTTP_REFERER in /home/thehacka/domains/beauty101.club/public_html/index.php on line 15
[03-Jun-2016 19:58:42 Europe/London] #########ERROR###########
[03-Jun-2016 19:58:42 Europe/London] PHP Warning:  include_once(header.php): failed to open stream: No such file or directory in /home/thehacka/domains/beauty101.club/public_html/index.php on line 8
[03-Jun-2016 19:58:42 Europe/London] PHP Warning:  include_once(): Failed opening 'header.php' for inclusion (include_path='.:/usr/local/lib/php') in /home/thehacka/domains/beauty101.club/public_html/index.php on line 8
[03-Jun-2016 19:58:42 Europe/London] PHP Notice:  Undefined index: HTTP_REFERER in /home/thehacka/domains/beauty101.club/public_html/index.php on line 15
[04-Jun-2016 15:41:46 Europe/London] #########ERROR###########
[04-Jun-2016 15:41:46 Europe/London] PHP Warning:  include_once(header.php): failed to open stream: No such file or directory in /home/thehacka/domains/beauty101.club/public_html/index.php on line 8
[04-Jun-2016 15:41:46 Europe/London] PHP Warning:  include_once(): Failed opening 'header.php' for inclusion (include_path='.:/usr/local/lib/php') in /home/thehacka/domains/beauty101.club/public_html/index.php on line 8
[04-Jun-2016 15:41:46 Europe/London] PHP Notice:  Undefined index: HTTP_REFERER in /home/thehacka/domains/beauty101.club/public_html/index.php on line 15
[04-Jun-2016 18:55:09 Europe/London] #########ERROR###########
[04-Jun-2016 18:55:09 Europe/London] PHP Warning:  include_once(header.php): failed to open stream: No such file or directory in /home/thehacka/domains/beauty101.club/public_html/index.php on line 8
[04-Jun-2016 18:55:09 Europe/London] PHP Warning:  include_once(): Failed opening 'header.php' for inclusion (include_path='.:/usr/local/lib/php') in /home/thehacka/domains/beauty101.club/public_html/index.php on line 8
[04-Jun-2016 18:55:09 Europe/London] #########ERROR###########
[04-Jun-2016 18:55:09 Europe/London] PHP Warning:  include_once(header.php): failed to open stream: No such file or directory in /home/thehacka/domains/beauty101.club/public_html/index.php on line 8
[04-Jun-2016 18:55:09 Europe/London] PHP Warning:  include_once(): Failed opening 'header.php' for inclusion (include_path='.:/usr/local/lib/php') in /home/thehacka/domains/beauty101.club/public_html/index.php on line 8
[04-Jun-2016 18:55:09 Europe/London] PHP Notice:  Undefined index: HTTP_REFERER in /home/thehacka/domains/beauty101.club/public_html/index.php on line 15
[05-Jun-2016 06:26:38 Europe/London] #########ERROR###########
[05-Jun-2016 06:26:38 Europe/London] PHP Warning:  include_once(header.php): failed to open stream: No such file or directory in /home/thehacka/domains/beauty101.club/public_html/index.php on line 8
[05-Jun-2016 06:26:38 Europe/London] PHP Warning:  include_once(): Failed opening 'header.php' for inclusion (include_path='.:/usr/local/lib/php') in /home/thehacka/domains/beauty101.club/public_html/index.php on line 8
[05-Jun-2016 06:26:38 Europe/London] PHP Notice:  Undefined index: HTTP_REFERER in /home/thehacka/domains/beauty101.club/public_html/index.php on line 15
[05-Jun-2016 13:39:27 Europe/London] #########ERROR###########
[05-Jun-2016 13:39:27 Europe/London] PHP Warning:  include_once(header.php): failed to open stream: No such file or directory in /home/thehacka/domains/beauty101.club/public_html/index.php on line 8
[05-Jun-2016 13:39:27 Europe/London] PHP Warning:  include_once(): Failed opening 'header.php' for inclusion (include_path='.:/usr/local/lib/php') in /home/thehacka/domains/beauty101.club/public_html/index.php on line 8
[05-Jun-2016 13:39:27 Europe/London] PHP Notice:  Undefined index: HTTP_REFERER in /home/thehacka/domains/beauty101.club/public_html/index.php on line 15
[05-Jun-2016 19:35:48 Europe/London] #########ERROR###########
[05-Jun-2016 19:35:48 Europe/London] PHP Warning:  include_once(header.php): failed to open stream: No such file or directory in /home/thehacka/domains/beauty101.club/public_html/index.php on line 8
[05-Jun-2016 19:35:48 Europe/London] PHP Warning:  include_once(): Failed opening 'header.php' for inclusion (include_path='.:/usr/local/lib/php') in /home/thehacka/domains/beauty101.club/public_html/index.php on line 8
[05-Jun-2016 19:35:48 Europe/London] #########ERROR###########
[05-Jun-2016 19:35:48 Europe/London] PHP Warning:  include_once(header.php): failed to open stream: No such file or directory in /home/thehacka/domains/beauty101.club/public_html/index.php on line 8
[05-Jun-2016 19:35:48 Europe/London] PHP Warning:  include_once(): Failed opening 'header.php' for inclusion (include_path='.:/usr/local/lib/php') in /home/thehacka/domains/beauty101.club/public_html/index.php on line 8
[05-Jun-2016 19:35:48 Europe/London] PHP Notice:  Undefined index: HTTP_REFERER in /home/thehacka/domains/beauty101.club/public_html/index.php on line 15
[05-Jun-2016 21:27:59 Europe/London] #########ERROR###########
[05-Jun-2016 21:27:59 Europe/London] PHP Warning:  include_once(header.php): failed to open stream: No such file or directory in /home/thehacka/domains/beauty101.club/public_html/index.php on line 8
[05-Jun-2016 21:27:59 Europe/London] PHP Warning:  include_once(): Failed opening 'header.php' for inclusion (include_path='.:/usr/local/lib/php') in /home/thehacka/domains/beauty101.club/public_html/index.php on line 8
[05-Jun-2016 21:27:59 Europe/London] PHP Notice:  Undefined index: HTTP_REFERER in /home/thehacka/domains/beauty101.club/public_html/index.php on line 15
[05-Jun-2016 22:25:29 Europe/London] #########ERROR###########
[05-Jun-2016 22:25:29 Europe/London] PHP Warning:  include_once(header.php): failed to open stream: No such file or directory in /home/thehacka/domains/beauty101.club/public_html/index.php on line 8
[05-Jun-2016 22:25:29 Europe/London] PHP Warning:  include_once(): Failed opening 'header.php' for inclusion (include_path='.:/usr/local/lib/php') in /home/thehacka/domains/beauty101.club/public_html/index.php on line 8
[05-Jun-2016 22:25:29 Europe/London] PHP Notice:  Undefined index: HTTP_REFERER in /home/thehacka/domains/beauty101.club/public_html/index.php on line 15
[06-Jun-2016 09:05:20 Europe/London] #########ERROR###########
[06-Jun-2016 09:05:20 Europe/London] PHP Warning:  include_once(header.php): failed to open stream: No such file or directory in /home/thehacka/domains/beauty101.club/public_html/index.php on line 8
[06-Jun-2016 09:05:20 Europe/London] PHP Warning:  include_once(): Failed opening 'header.php' for inclusion (include_path='.:/usr/local/lib/php') in /home/thehacka/domains/beauty101.club/public_html/index.php on line 8
[06-Jun-2016 09:05:20 Europe/London] PHP Notice:  Undefined index: HTTP_REFERER in /home/thehacka/domains/beauty101.club/public_html/index.php on line 15
[06-Jun-2016 10:34:28 Europe/London] #########ERROR###########
[06-Jun-2016 10:34:28 Europe/London] PHP Warning:  include_once(header.php): failed to open stream: No such file or directory in /home/thehacka/domains/beauty101.club/public_html/index.php on line 8
[06-Jun-2016 10:34:28 Europe/London] PHP Warning:  include_once(): Failed opening 'header.php' for inclusion (include_path='.:/usr/local/lib/php') in /home/thehacka/domains/beauty101.club/public_html/index.php on line 8
[06-Jun-2016 10:34:28 Europe/London] #########ERROR###########
[06-Jun-2016 10:34:28 Europe/London] PHP Warning:  include_once(header.php): failed to open stream: No such file or directory in /home/thehacka/domains/beauty101.club/public_html/index.php on line 8
[06-Jun-2016 10:34:28 Europe/London] PHP Warning:  include_once(): Failed opening 'header.php' for inclusion (include_path='.:/usr/local/lib/php') in /home/thehacka/domains/beauty101.club/public_html/index.php on line 8
[06-Jun-2016 10:34:28 Europe/London] PHP Notice:  Undefined index: HTTP_REFERER in /home/thehacka/domains/beauty101.club/public_html/index.php on line 15
[06-Jun-2016 14:11:43 Europe/London] #########ERROR###########
[06-Jun-2016 14:11:43 Europe/London] PHP Warning:  include_once(header.php): failed to open stream: No such file or directory in /home/thehacka/domains/beauty101.club/public_html/index.php on line 8
[06-Jun-2016 14:11:43 Europe/London] PHP Warning:  include_once(): Failed opening 'header.php' for inclusion (include_path='.:/usr/local/lib/php') in /home/thehacka/domains/beauty101.club/public_html/index.php on line 8
[06-Jun-2016 14:11:43 Europe/London] PHP Notice:  Undefined index: HTTP_REFERER in /home/thehacka/domains/beauty101.club/public_html/index.php on line 15
[07-Jun-2016 09:22:34 Europe/London] #########ERROR###########
[07-Jun-2016 09:22:34 Europe/London] PHP Warning:  include_once(header.php): failed to open stream: No such file or directory in /home/thehacka/domains/beauty101.club/public_html/index.php on line 8
[07-Jun-2016 09:22:34 Europe/London] PHP Warning:  include_once(): Failed opening 'header.php' for inclusion (include_path='.:/usr/local/lib/php') in /home/thehacka/domains/beauty101.club/public_html/index.php on line 8
[07-Jun-2016 10:42:01 Europe/London] #########ERROR###########
[07-Jun-2016 10:42:01 Europe/London] PHP Warning:  include_once(header.php): failed to open stream: No such file or directory in /home/thehacka/domains/beauty101.club/public_html/index.php on line 8
[07-Jun-2016 10:42:01 Europe/London] PHP Warning:  include_once(): Failed opening 'header.php' for inclusion (include_path='.:/usr/local/lib/php') in /home/thehacka/domains/beauty101.club/public_html/index.php on line 8
[07-Jun-2016 10:42:01 Europe/London] PHP Notice:  Undefined index: HTTP_REFERER in /home/thehacka/domains/beauty101.club/public_html/index.php on line 15
[07-Jun-2016 22:22:50 Europe/London] #########ERROR###########
[07-Jun-2016 22:22:50 Europe/London] PHP Warning:  include_once(header.php): failed to open stream: No such file or directory in /home/thehacka/domains/beauty101.club/public_html/index.php on line 8
[07-Jun-2016 22:22:50 Europe/London] PHP Warning:  include_once(): Failed opening 'header.php' for inclusion (include_path='.:/usr/local/lib/php') in /home/thehacka/domains/beauty101.club/public_html/index.php on line 8
[07-Jun-2016 22:22:51 Europe/London] #########ERROR###########
[07-Jun-2016 22:22:51 Europe/London] PHP Warning:  include_once(header.php): failed to open stream: No such file or directory in /home/thehacka/domains/beauty101.club/public_html/index.php on line 8
[07-Jun-2016 22:22:51 Europe/London] PHP Warning:  include_once(): Failed opening 'header.php' for inclusion (include_path='.:/usr/local/lib/php') in /home/thehacka/domains/beauty101.club/public_html/index.php on line 8
[07-Jun-2016 22:22:51 Europe/London] PHP Notice:  Undefined index: HTTP_REFERER in /home/thehacka/domains/beauty101.club/public_html/index.php on line 15
[08-Jun-2016 15:55:24 Europe/London] #########ERROR###########
[08-Jun-2016 15:55:24 Europe/London] PHP Warning:  include_once(header.php): failed to open stream: No such file or directory in /home/thehacka/domains/beauty101.club/public_html/index.php on line 8
[08-Jun-2016 15:55:24 Europe/London] PHP Warning:  include_once(): Failed opening 'header.php' for inclusion (include_path='.:/usr/local/lib/php') in /home/thehacka/domains/beauty101.club/public_html/index.php on line 8
[08-Jun-2016 15:55:24 Europe/London] PHP Notice:  Undefined index: HTTP_REFERER in /home/thehacka/domains/beauty101.club/public_html/index.php on line 15
[08-Jun-2016 22:55:16 Europe/London] #########ERROR###########
[08-Jun-2016 22:55:16 Europe/London] PHP Warning:  include_once(header.php): failed to open stream: No such file or directory in /home/thehacka/domains/beauty101.club/public_html/index.php on line 8
[08-Jun-2016 22:55:16 Europe/London] PHP Warning:  include_once(): Failed opening 'header.php' for inclusion (include_path='.:/usr/local/lib/php') in /home/thehacka/domains/beauty101.club/public_html/index.php on line 8
[08-Jun-2016 22:55:17 Europe/London] #########ERROR###########
[08-Jun-2016 22:55:17 Europe/London] PHP Warning:  include_once(header.php): failed to open stream: No such file or directory in /home/thehacka/domains/beauty101.club/public_html/index.php on line 8
[08-Jun-2016 22:55:17 Europe/London] PHP Warning:  include_once(): Failed opening 'header.php' for inclusion (include_path='.:/usr/local/lib/php') in /home/thehacka/domains/beauty101.club/public_html/index.php on line 8
[08-Jun-2016 22:55:17 Europe/London] PHP Notice:  Undefined index: HTTP_REFERER in /home/thehacka/domains/beauty101.club/public_html/index.php on line 15
[09-Jun-2016 05:10:41 Europe/London] #########ERROR###########
[09-Jun-2016 05:10:41 Europe/London] PHP Warning:  include_once(header.php): failed to open stream: No such file or directory in /home/thehacka/domains/beauty101.club/public_html/index.php on line 8
[09-Jun-2016 05:10:41 Europe/London] PHP Warning:  include_once(): Failed opening 'header.php' for inclusion (include_path='.:/usr/local/lib/php') in /home/thehacka/domains/beauty101.club/public_html/index.php on line 8
[09-Jun-2016 05:10:41 Europe/London] PHP Notice:  Undefined index: HTTP_REFERER in /home/thehacka/domains/beauty101.club/public_html/index.php on line 15
[09-Jun-2016 11:43:01 Europe/London] #########ERROR###########
[09-Jun-2016 11:43:01 Europe/London] PHP Warning:  include_once(header.php): failed to open stream: No such file or directory in /home/thehacka/domains/beauty101.club/public_html/index.php on line 8
[09-Jun-2016 11:43:01 Europe/London] PHP Warning:  include_once(): Failed opening 'header.php' for inclusion (include_path='.:/usr/local/lib/php') in /home/thehacka/domains/beauty101.club/public_html/index.php on line 8
[09-Jun-2016 11:43:01 Europe/London] #########ERROR###########
[09-Jun-2016 11:43:01 Europe/London] PHP Warning:  include_once(header.php): failed to open stream: No such file or directory in /home/thehacka/domains/beauty101.club/public_html/index.php on line 8
[09-Jun-2016 11:43:01 Europe/London] PHP Warning:  include_once(): Failed opening 'header.php' for inclusion (include_path='.:/usr/local/lib/php') in /home/thehacka/domains/beauty101.club/public_html/index.php on line 8
[09-Jun-2016 11:43:01 Europe/London] PHP Notice:  Undefined index: HTTP_REFERER in /home/thehacka/domains/beauty101.club/public_html/index.php on line 15
[09-Jun-2016 23:25:14 Europe/London] #########ERROR###########
[09-Jun-2016 23:25:14 Europe/London] PHP Warning:  include_once(header.php): failed to open stream: No such file or directory in /home/thehacka/domains/beauty101.club/public_html/index.php on line 8
[09-Jun-2016 23:25:14 Europe/London] PHP Warning:  include_once(): Failed opening 'header.php' for inclusion (include_path='.:/usr/local/lib/php') in /home/thehacka/domains/beauty101.club/public_html/index.php on line 8
[09-Jun-2016 23:25:14 Europe/London] PHP Notice:  Undefined index: HTTP_REFERER in /home/thehacka/domains/beauty101.club/public_html/index.php on line 15
[09-Jun-2016 23:25:14 Europe/London] #########ERROR###########
[09-Jun-2016 23:25:14 Europe/London] PHP Warning:  include_once(header.php): failed to open stream: No such file or directory in /home/thehacka/domains/beauty101.club/public_html/index.php on line 8
[09-Jun-2016 23:25:14 Europe/London] PHP Warning:  include_once(): Failed opening 'header.php' for inclusion (include_path='.:/usr/local/lib/php') in /home/thehacka/domains/beauty101.club/public_html/index.php on line 8
[09-Jun-2016 23:25:14 Europe/London] PHP Notice:  Undefined index: HTTP_REFERER in /home/thehacka/domains/beauty101.club/public_html/index.php on line 15
[09-Jun-2016 23:25:14 Europe/London] PHP Fatal error:  Uncaught exception 'PDOException' with message 'SQLSTATE[23000]: Integrity constraint violation: 1048 Column 'useragent' cannot be null' in /home/thehacka/domains/beauty101.club/public_html/index.php:17
Stack trace:
#0 /home/thehacka/domains/beauty101.club/public_html/index.php(17): PDOStatement->execute()
#1 {main}
  thrown in /home/thehacka/domains/beauty101.club/public_html/index.php on line 17
[09-Jun-2016 23:25:15 Europe/London] #########ERROR###########
[09-Jun-2016 23:25:15 Europe/London] PHP Warning:  include_once(header.php): failed to open stream: No such file or directory in /home/thehacka/domains/beauty101.club/public_html/index.php on line 8
[09-Jun-2016 23:25:15 Europe/London] PHP Warning:  include_once(): Failed opening 'header.php' for inclusion (include_path='.:/usr/local/lib/php') in /home/thehacka/domains/beauty101.club/public_html/index.php on line 8
[09-Jun-2016 23:25:15 Europe/London] PHP Notice:  Undefined index: HTTP_REFERER in /home/thehacka/domains/beauty101.club/public_html/index.php on line 15
[09-Jun-2016 23:25:15 Europe/London] PHP Fatal error:  Uncaught exception 'PDOException' with message 'SQLSTATE[23000]: Integrity constraint violation: 1048 Column 'useragent' cannot be null' in /home/thehacka/domains/beauty101.club/public_html/index.php:17
Stack trace:
#0 /home/thehacka/domains/beauty101.club/public_html/index.php(17): PDOStatement->execute()
#1 {main}
  thrown in /home/thehacka/domains/beauty101.club/public_html/index.php on line 17
[10-Jun-2016 06:02:07 Europe/London] #########ERROR###########
[10-Jun-2016 06:02:07 Europe/London] PHP Warning:  include_once(header.php): failed to open stream: No such file or directory in /home/thehacka/domains/beauty101.club/public_html/index.php on line 8
[10-Jun-2016 06:02:07 Europe/London] PHP Warning:  include_once(): Failed opening 'header.php' for inclusion (include_path='.:/usr/local/lib/php') in /home/thehacka/domains/beauty101.club/public_html/index.php on line 8
[10-Jun-2016 06:02:07 Europe/London] PHP Notice:  Undefined index: HTTP_REFERER in /home/thehacka/domains/beauty101.club/public_html/index.php on line 15
[10-Jun-2016 08:50:52 Europe/London] #########ERROR###########
[10-Jun-2016 08:50:52 Europe/London] PHP Warning:  include_once(header.php): failed to open stream: No such file or directory in /home/thehacka/domains/beauty101.club/public_html/index.php on line 8
[10-Jun-2016 08:50:52 Europe/London] PHP Warning:  include_once(): Failed opening 'header.php' for inclusion (include_path='.:/usr/local/lib/php') in /home/thehacka/domains/beauty101.club/public_html/index.php on line 8
[10-Jun-2016 08:50:52 Europe/London] PHP Notice:  Undefined index: HTTP_REFERER in /home/thehacka/domains/beauty101.club/public_html/index.php on line 15
